[INFO] Scanning for projects...
[INFO] 
[INFO] --------------------< com.booking:enquiry-service >---------------------
[INFO] Building enquiry-service 0.0.1-SNAPSHOT
[INFO]   from pom.xml
[INFO] --------------------------------[ jar ]---------------------------------
[INFO] 
[INFO] --- clean:3.3.2:clean (default-clean) @ enquiry-service ---
[INFO] Deleting D:\Acedemic\Fullstack\Fullstack Project\enquiry-service\enquiry-service\target
[INFO] 
[INFO] --- resources:3.3.1:resources (default-resources) @ enquiry-service ---
[INFO] Copying 1 resource from src\main\resources to target\classes
[INFO] Copying 0 resource from src\main\resources to target\classes
[INFO] 
[INFO] --- compiler:3.11.0:compile (default-compile) @ enquiry-service ---
[INFO] Changes detected - recompiling the module! :source
[INFO] Compiling 9 source files with javac [debug release 17] to target\classes
[INFO] ------------------------------------------------------------------------
[INFO] BUILD SUCCESS
[INFO] ------------------------------------------------------------------------
[INFO] Total time:  3.897 s
[INFO] Finished at: 2025-12-12T18:34:20+05:30
[INFO] ------------------------------------------------------------------------
